0 info it worked if it ends with ok
1 verbose cli [ '/usr/local/bin/node', '/usr/local/bin/npm', 'install' ]
2 info using npm@1.4.28
3 info using node@v0.10.33
4 verbose node symlink /usr/local/bin/node
5 warn package.json applaudio@0.0.1 No description
6 warn package.json applaudio@0.0.1 No repository field.
7 warn package.json applaudio@0.0.1 No README data
8 verbose readDependencies using package.json deps
9 verbose install where, deps [ '/Users/cartew01/workspace/applaudio-spray/src/main/frontend',
9 verbose install   [ 'grunt',
9 verbose install     'grunt-autoprefixer',
9 verbose install     'grunt-contrib-clean',
9 verbose install     'grunt-contrib-concat',
9 verbose install     'grunt-contrib-copy',
9 verbose install     'grunt-contrib-cssmin',
9 verbose install     'grunt-contrib-htmlmin',
9 verbose install     'grunt-contrib-imagemin',
9 verbose install     'grunt-contrib-jasmine',
9 verbose install     'grunt-contrib-jshint',
9 verbose install     'grunt-contrib-requirejs',
9 verbose install     'grunt-contrib-uglify',
9 verbose install     'grunt-contrib-watch',
9 verbose install     'grunt-karma',
9 verbose install     'grunt-rev',
9 verbose install     'grunt-sass',
9 verbose install     'grunt-usemin',
9 verbose install     'jshint-stylish',
9 verbose install     'karma-jasmine',
9 verbose install     'karma-phantomjs-launcher',
9 verbose install     'karma-requirejs',
9 verbose install     'karma-spec-reporter',
9 verbose install     'load-grunt-tasks',
9 verbose install     'phantomjs',
9 verbose install     'sass',
9 verbose install     'time-grunt' ] ]
10 info preinstall applaudio@0.0.1
11 warn package.json grunt-contrib-htmlmin@0.1.3 No README data
12 warn package.json sass@0.5.0 No repository field.
13 verbose readDependencies using package.json deps
14 verbose already installed skipping grunt-contrib-cssmin@~0.7.0 /Users/cartew01/workspace/applaudio-spray/src/main/frontend
15 verbose already installed skipping grunt-contrib-htmlmin@~0.1.3 /Users/cartew01/workspace/applaudio-spray/src/main/frontend
16 verbose already installed skipping grunt-contrib-imagemin@~0.3.0 /Users/cartew01/workspace/applaudio-spray/src/main/frontend
17 verbose already installed skipping grunt-contrib-jasmine@^0.8.2 /Users/cartew01/workspace/applaudio-spray/src/main/frontend
18 verbose already installed skipping grunt-contrib-jshint@~0.7.1 /Users/cartew01/workspace/applaudio-spray/src/main/frontend
19 verbose already installed skipping grunt-contrib-requirejs@~0.4.4 /Users/cartew01/workspace/applaudio-spray/src/main/frontend
20 verbose already installed skipping grunt-contrib-uglify@~0.2.0 /Users/cartew01/workspace/applaudio-spray/src/main/frontend
21 verbose already installed skipping grunt-contrib-watch@^0.6.1 /Users/cartew01/workspace/applaudio-spray/src/main/frontend
22 verbose cache add [ 'grunt-karma@~0.12.0', null ]
23 verbose cache add name=undefined spec="grunt-karma@~0.12.0" args=["grunt-karma@~0.12.0",null]
24 verbose parsed url { protocol: null,
24 verbose parsed url   slashes: null,
24 verbose parsed url   auth: null,
24 verbose parsed url   host: null,
24 verbose parsed url   port: null,
24 verbose parsed url   hostname: null,
24 verbose parsed url   hash: null,
24 verbose parsed url   search: null,
24 verbose parsed url   query: null,
24 verbose parsed url   pathname: 'grunt-karma@~0.12.0',
24 verbose parsed url   path: 'grunt-karma@~0.12.0',
24 verbose parsed url   href: 'grunt-karma@~0.12.0' }
25 verbose already installed skipping grunt-rev@~0.1.0 /Users/cartew01/workspace/applaudio-spray/src/main/frontend
26 verbose cache add name="grunt-karma" spec="~0.12.0" args=["grunt-karma","~0.12.0"]
27 verbose parsed url { protocol: null,
27 verbose parsed url   slashes: null,
27 verbose parsed url   auth: null,
27 verbose parsed url   host: null,
27 verbose parsed url   port: null,
27 verbose parsed url   hostname: null,
27 verbose parsed url   hash: null,
27 verbose parsed url   search: null,
27 verbose parsed url   query: null,
27 verbose parsed url   pathname: '~0.12.0',
27 verbose parsed url   path: '~0.12.0',
27 verbose parsed url   href: '~0.12.0' }
28 verbose addNamed [ 'grunt-karma', '~0.12.0' ]
29 verbose addNamed [ null, '>=0.12.0-0 <0.13.0-0' ]
30 verbose already installed skipping grunt-sass@~0.11.0 /Users/cartew01/workspace/applaudio-spray/src/main/frontend
31 silly lockFile 9465d2cd-grunt-karma-0-12-0 grunt-karma@~0.12.0
32 verbose lock grunt-karma@~0.12.0 /Users/cartew01/.npm/9465d2cd-grunt-karma-0-12-0.lock
33 verbose already installed skipping grunt-usemin@~2.0.0 /Users/cartew01/workspace/applaudio-spray/src/main/frontend
34 silly addNameRange { name: 'grunt-karma',
34 silly addNameRange   range: '>=0.12.0-0 <0.13.0-0',
34 silly addNameRange   hasData: false }
35 verbose already installed skipping jshint-stylish@~0.1.3 /Users/cartew01/workspace/applaudio-spray/src/main/frontend
36 verbose already installed skipping karma-jasmine@~0.2.1 /Users/cartew01/workspace/applaudio-spray/src/main/frontend
37 verbose already installed skipping karma-phantomjs-launcher@~0.1.4 /Users/cartew01/workspace/applaudio-spray/src/main/frontend
38 verbose request where is /grunt-karma
39 verbose request registry https://registry.npmjs.org/
40 verbose request id d53009150ca13210
41 verbose url raw /grunt-karma
42 verbose url resolving [ 'https://registry.npmjs.org/', './grunt-karma' ]
43 verbose url resolved https://registry.npmjs.org/grunt-karma
44 verbose request where is https://registry.npmjs.org/grunt-karma
45 info trying registry request attempt 1 at 17:56:47
46 verbose etag "DW2RPRGKN9YN133WSHR3EDLV1"
47 http GET https://registry.npmjs.org/grunt-karma
48 verbose already installed skipping karma-requirejs@~0.2.2 /Users/cartew01/workspace/applaudio-spray/src/main/frontend
49 verbose already installed skipping karma-spec-reporter@0.0.13 /Users/cartew01/workspace/applaudio-spray/src/main/frontend
50 verbose already installed skipping load-grunt-tasks@~0.2.0 /Users/cartew01/workspace/applaudio-spray/src/main/frontend
51 verbose already installed skipping phantomjs@1.9.7-8 /Users/cartew01/workspace/applaudio-spray/src/main/frontend
52 verbose already installed skipping sass@~0.5.0 /Users/cartew01/workspace/applaudio-spray/src/main/frontend
53 verbose already installed skipping time-grunt@~0.2.1 /Users/cartew01/workspace/applaudio-spray/src/main/frontend
54 verbose already installed skipping grunt@~0.4.1 /Users/cartew01/workspace/applaudio-spray/src/main/frontend
55 verbose already installed skipping grunt-autoprefixer@~0.4.0 /Users/cartew01/workspace/applaudio-spray/src/main/frontend
56 verbose already installed skipping grunt-contrib-clean@~0.5.0 /Users/cartew01/workspace/applaudio-spray/src/main/frontend
57 verbose already installed skipping grunt-contrib-concat@~0.3.0 /Users/cartew01/workspace/applaudio-spray/src/main/frontend
58 verbose already installed skipping grunt-contrib-copy@~0.4.1 /Users/cartew01/workspace/applaudio-spray/src/main/frontend
59 http 304 https://registry.npmjs.org/grunt-karma
60 silly registry.get cb [ 304,
60 silly registry.get   { date: 'Sun, 08 Feb 2015 17:56:44 GMT',
60 silly registry.get     server: 'Apache',
60 silly registry.get     via: '1.1 varnish',
60 silly registry.get     'last-modified': 'Sun, 08 Feb 2015 17:56:44 GMT',
60 silly registry.get     'cache-control': 'max-age=60',
60 silly registry.get     etag: '"DW2RPRGKN9YN133WSHR3EDLV1"',
60 silly registry.get     age: '0',
60 silly registry.get     'x-served-by': 'cache-lcy1124-LCY',
60 silly registry.get     'x-cache': 'HIT',
60 silly registry.get     'x-cache-hits': '1',
60 silly registry.get     'x-timer': 'S1423418204.786694,VS0,VE90',
60 silly registry.get     vary: 'Accept',
60 silly registry.get     'content-length': '0',
60 silly registry.get     'keep-alive': 'timeout=10, max=50',
60 silly registry.get     connection: 'Keep-Alive' } ]
61 verbose etag https://registry.npmjs.org/grunt-karma from cache
62 silly addNameRange number 2 { name: 'grunt-karma',
62 silly addNameRange   range: '>=0.12.0-0 <0.13.0-0',
62 silly addNameRange   hasData: true }
63 silly addNameRange versions [ 'grunt-karma',
63 silly addNameRange   [ '0.3.0',
63 silly addNameRange     '0.4.0',
63 silly addNameRange     '0.4.1',
63 silly addNameRange     '0.4.2',
63 silly addNameRange     '0.4.3',
63 silly addNameRange     '0.4.4',
63 silly addNameRange     '0.5.0',
63 silly addNameRange     '0.4.5',
63 silly addNameRange     '0.5.1',
63 silly addNameRange     '0.5.2',
63 silly addNameRange     '0.4.6',
63 silly addNameRange     '0.5.3',
63 silly addNameRange     '0.5.4',
63 silly addNameRange     '0.6.0',
63 silly addNameRange     '0.6.1',
63 silly addNameRange     '0.7.0',
63 silly addNameRange     '0.6.2',
63 silly addNameRange     '0.7.1',
63 silly addNameRange     '0.7.2',
63 silly addNameRange     '0.7.3',
63 silly addNameRange     '0.8.0',
63 silly addNameRange     '0.8.1',
63 silly addNameRange     '0.8.2',
63 silly addNameRange     '0.8.3',
63 silly addNameRange     '0.9.0',
63 silly addNameRange     '0.10.0',
63 silly addNameRange     '0.10.1' ] ]
64 silly lockFile 9465d2cd-grunt-karma-0-12-0 grunt-karma@~0.12.0
65 silly lockFile 9465d2cd-grunt-karma-0-12-0 grunt-karma@~0.12.0
66 error notarget No compatible version found: grunt-karma@'>=0.12.0-0 <0.13.0-0'
66 error notarget Valid install targets:
66 error notarget ["0.5.0","0.5.1","0.5.3","0.5.4","0.7.0","0.7.1","0.7.2","0.7.3","0.9.0","0.3.0","0.4.0","0.4.1","0.4.2","0.4.3","0.4.4","0.5.0","0.4.5","0.5.1","0.5.2","0.4.6","0.5.3","0.5.4","0.6.0","0.6.1","0.7.0","0.6.2","0.7.1","0.7.2","0.7.3","0.8.0","0.8.1","0.8.2","0.8.3","0.9.0","0.10.0","0.10.1"]
66 error notarget
66 error notarget This is most likely not a problem with npm itself.
66 error notarget In most cases you or one of your dependencies are requesting
66 error notarget a package version that doesn't exist.
67 error System Darwin 12.5.0
68 error command "/usr/local/bin/node" "/usr/local/bin/npm" "install"
69 error cwd /Users/cartew01/workspace/applaudio-spray/src/main/frontend
70 error node -v v0.10.33
71 error npm -v 1.4.28
72 error code ETARGET
73 verbose exit [ 1, true ]
